<?xml version="1.0" encoding="UTF-8"?>
<!-- Generated by org.testng.reporters.JUnitReportReporter -->
<testsuite hostname="GlasierQA" failures="0" tests="1" name="org.rahulshettyacademy.ExtentReport.ExtentsReport" time="5.407" errors="0" timestamp="2023-04-25T15:53:10 IST" skipped="0">
  <testcase classname="org.rahulshettyacademy.ExtentReport.ExtentsReport" name="initialDemo" time="5.407"/>
  <system-out/>
</testsuite> <!-- org.rahulshettyacademy.ExtentReport.ExtentsReport -->
